2023-01-08 12:26:17,651 [INFO] from akka.event.slf4j.Slf4jLogger in application-akka.actor.default-dispatcher-6 - Slf4jLogger started
2023-01-08 12:26:17,678 [INFO] from play.api.http.EnabledFilters in play-dev-mode-akka.actor.default-dispatcher-4 - Enabled Filters (see <https://www.playframework.com/documentation/latest/Filters>):

    play.filters.csrf.CSRFFilter
    play.filters.headers.SecurityHeadersFilter
    play.filters.hosts.AllowedHostsFilter
    filters.ContentSecurityPolicyFilter

2023-01-08 12:26:17,719 [INFO] from play.api.Play in play-dev-mode-akka.actor.default-dispatcher-4 - Application started (Dev) (no global state)
2023-01-08 12:26:17,834 [WARN] from play.api.mvc.DefaultJWTCookieDataCodec in application-akka.actor.default-dispatcher-6 - decode: cookie has invalid signature! message = JWT signature does not match locally computed signature. JWT validity cannot be asserted and should not be trusted.
2023-01-08 12:26:17,836 [INFO] from play.api.mvc.DefaultJWTCookieDataCodec in application-akka.actor.default-dispatcher-6 - The JWT signature in the cookie does not match the locally computed signature with the server. This usually indicates the browser has a leftover cookie from another Play application, so clearing cookies may resolve this error message.
2023-01-08 12:26:17,878 [INFO] from controllers.HomeController in application-akka.actor.default-dispatcher-6 - index: 
2023-01-08 12:26:18,166 [WARN] from play.api.mvc.DefaultJWTCookieDataCodec in application-akka.actor.default-dispatcher-7 - decode: cookie has invalid signature! message = JWT signature does not match locally computed signature. JWT validity cannot be asserted and should not be trusted.
2023-01-08 12:26:18,166 [WARN] from play.api.mvc.DefaultJWTCookieDataCodec in application-akka.actor.default-dispatcher-6 - decode: cookie has invalid signature! message = JWT signature does not match locally computed signature. JWT validity cannot be asserted and should not be trusted.
2023-01-08 12:26:18,166 [WARN] from play.api.mvc.DefaultJWTCookieDataCodec in application-akka.actor.default-dispatcher-10 - decode: cookie has invalid signature! message = JWT signature does not match locally computed signature. JWT validity cannot be asserted and should not be trusted.
2023-01-08 12:26:18,166 [INFO] from play.api.mvc.DefaultJWTCookieDataCodec in application-akka.actor.default-dispatcher-7 - The JWT signature in the cookie does not match the locally computed signature with the server. This usually indicates the browser has a leftover cookie from another Play application, so clearing cookies may resolve this error message.
2023-01-08 12:26:18,166 [INFO] from play.api.mvc.DefaultJWTCookieDataCodec in application-akka.actor.default-dispatcher-6 - The JWT signature in the cookie does not match the locally computed signature with the server. This usually indicates the browser has a leftover cookie from another Play application, so clearing cookies may resolve this error message.
2023-01-08 12:26:18,166 [INFO] from play.api.mvc.DefaultJWTCookieDataCodec in application-akka.actor.default-dispatcher-10 - The JWT signature in the cookie does not match the locally computed signature with the server. This usually indicates the browser has a leftover cookie from another Play application, so clearing cookies may resolve this error message.
2023-01-08 12:26:18,166 [WARN] from play.api.mvc.DefaultJWTCookieDataCodec in application-akka.actor.default-dispatcher-9 - decode: cookie has invalid signature! message = JWT signature does not match locally computed signature. JWT validity cannot be asserted and should not be trusted.
2023-01-08 12:26:18,166 [WARN] from play.api.mvc.DefaultJWTCookieDataCodec in application-akka.actor.default-dispatcher-8 - decode: cookie has invalid signature! message = JWT signature does not match locally computed signature. JWT validity cannot be asserted and should not be trusted.
2023-01-08 12:26:18,166 [INFO] from play.api.mvc.DefaultJWTCookieDataCodec in application-akka.actor.default-dispatcher-9 - The JWT signature in the cookie does not match the locally computed signature with the server. This usually indicates the browser has a leftover cookie from another Play application, so clearing cookies may resolve this error message.
2023-01-08 12:26:18,166 [INFO] from play.api.mvc.DefaultJWTCookieDataCodec in application-akka.actor.default-dispatcher-8 - The JWT signature in the cookie does not match the locally computed signature with the server. This usually indicates the browser has a leftover cookie from another Play application, so clearing cookies may resolve this error message.
2023-01-08 12:26:18,167 [WARN] from play.api.mvc.DefaultJWTCookieDataCodec in application-akka.actor.default-dispatcher-11 - decode: cookie has invalid signature! message = JWT signature does not match locally computed signature. JWT validity cannot be asserted and should not be trusted.
2023-01-08 12:26:18,167 [INFO] from play.api.mvc.DefaultJWTCookieDataCodec in application-akka.actor.default-dispatcher-11 - The JWT signature in the cookie does not match the locally computed signature with the server. This usually indicates the browser has a leftover cookie from another Play application, so clearing cookies may resolve this error message.
2023-01-08 12:26:18,277 [WARN] from play.api.mvc.DefaultJWTCookieDataCodec in application-akka.actor.default-dispatcher-14 - decode: cookie has invalid signature! message = JWT signature does not match locally computed signature. JWT validity cannot be asserted and should not be trusted.
2023-01-08 12:26:18,277 [INFO] from play.api.mvc.DefaultJWTCookieDataCodec in application-akka.actor.default-dispatcher-14 - The JWT signature in the cookie does not match the locally computed signature with the server. This usually indicates the browser has a leftover cookie from another Play application, so clearing cookies may resolve this error message.
2023-01-08 12:26:18,468 [DEBUG] from controllers.HomeController in play-dev-mode-akka.actor.default-dispatcher-18 - Checking the ORIGIN 
2023-01-08 12:26:18,468 [DEBUG] from controllers.HomeController in play-dev-mode-akka.actor.default-dispatcher-18 - originCheck: originValue = http://localhost:9000
2023-01-08 12:26:23,455 [DEBUG] from controllers.HomeController in application-akka.actor.default-dispatcher-21 - [source] Element: hello
2023-01-08 12:26:34,090 [DEBUG] from controllers.HomeController in application-akka.actor.default-dispatcher-21 - [source] Element: how do you do 
2023-01-08 14:25:58,504 [INFO] from play.api.internal.libs.concurrent.CoordinatedShutdownSupport in pool-26-thread-6 - Starting synchronous coordinated shutdown with ServerStoppedReason reason and 35000 milliseconds timeout
2023-01-08 14:25:58,688 [INFO] from akka.actor.CoordinatedShutdown in play-dev-mode-akka.actor.default-dispatcher-43 - Running CoordinatedShutdown with reason [ServerStoppedReason]
2023-01-08 14:25:58,692 [INFO] from play.core.server.AkkaHttpServer in pool-26-thread-6 - Stopping Akka HTTP server...
2023-01-08 14:25:58,706 [INFO] from play.core.server.AkkaHttpServer in play-dev-mode-akka.actor.internal-dispatcher-41 - Terminating server binding for /[0:0:0:0:0:0:0:0]:9000
2023-01-08 14:25:58,734 [INFO] from akka.actor.CoordinatedShutdown in application-akka.actor.default-dispatcher-7 - Running CoordinatedShutdown with reason [ApplicationStoppedReason]
2023-01-08 14:25:58,776 [INFO] from play.core.server.AkkaHttpServer in play-dev-mode-akka.actor.internal-dispatcher-46 - Running provided shutdown stop hooks
